<?xml version="1.0" encoding="UTF-8"?>
<testsuite name="ga.example.OrderTests" tests="1" skipped="0" failures="0" errors="0" timestamp="2021-03-06T10:09:41" hostname="uzumaki" time="0.619">
  <properties/>
  <testcase name="testGetOrder" classname="ga.example.OrderTests" time="0.619"/>
  <system-out><![CDATA[2021-03-06 11:09:41.715 [Test worker] DEBUG ktor.test - Java Home: /usr/lib/jvm
2021-03-06 11:09:41.718 [Test worker] DEBUG ktor.test - Class Loader: jdk.internal.loader.ClassLoaders$AppClassLoader@42a57993: [file:/home/banga/.m2/repository/ch/qos/logback/logback-classic/1.2.3/logback-classic-1.2.3.jar!/ch, file:/home/banga/.m2/repository/ch/qos/logback/logback-core/1.2.3/logback-core-1.2.3.jar!/ch, /home/banga/dev/kotlin/ktor-sample/build/classes/kotlin/test/ga, /home/banga/dev/kotlin/ktor-sample/build/classes/kotlin/main/ga, file:/home/banga/.m2/repository/junit/junit/4.12/junit-4.12.jar!/junit, file:/home/banga/.gradle/caches/modules-2/files-2.1/org.jetbrains/annotations/13.0/919f0dfe192fb4e063e7dacadee7f8bb9a2672a9/annotations-13.0.jar!/org, file:/home/banga/.m2/repository/org/slf4j/slf4j-api/1.7.30/slf4j-api-1.7.30.jar!/org, file:/home/banga/.gradle/caches/modules-2/files-2.1/org.eclipse.jetty.alpn/alpn-api/1.1.3.v20160715/a1bf3a937f91b4c953acd13e8c9552347adc2198/alpn-api-1.1.3.v20160715.jar!/org, file:/home/banga/.gradle/caches/modules-2/files-2.1/org.eclipse.jetty.http2/http2-http-client-transport/9.4.31.v20200723/6b12bda474f3033d2213af1e7dc49a08f9922852/http2-http-client-transport-9.4.31.v20200723.jar!/org, file:/home/banga/.gradle/caches/modules-2/files-2.1/org.eclipse.jetty.http2/http2-client/9.4.31.v20200723/941313dcc9846ef76523e1947083206a103ca763/http2-client-9.4.31.v20200723.jar!/org, file:/home/banga/.gradle/caches/modules-2/files-2.1/org.eclipse.jetty/jetty-client/9.4.31.v20200723/a4d779d1dcd7fa948d1175ebf3e20a0b0caacdc/jetty-client-9.4.31.v20200723.jar!/org, file:/home/banga/.gradle/caches/modules-2/files-2.1/org.eclipse.jetty.http2/http2-common/9.4.31.v20200723/dd6fc64e41103afca8f9c1c1465ec24541e5681c/http2-common-9.4.31.v20200723.jar!/org, file:/home/banga/.gradle/caches/modules-2/files-2.1/org.eclipse.jetty/jetty-alpn-openjdk8-client/9.4.31.v20200723/5c4c0f19a0a1c8a760c298049be7412f7e901bce/jetty-alpn-openjdk8-client-9.4.31.v20200723.jar!/org, file:/home/banga/.gradle/caches/modules-2/files-2.1/org.eclipse.jetty/jetty-alpn-java-client/9.4.31.v20200723/f863d49267102c624812efd1ec7f43d6e8c1c30b/jetty-alpn-java-client-9.4.31.v20200723.jar!/org, file:/home/banga/.gradle/caches/modules-2/files-2.1/org.eclipse.jetty/jetty-alpn-client/9.4.31.v20200723/32a4ae2f1eb4d40c9411e092089b867d29e09e9c/jetty-alpn-client-9.4.31.v20200723.jar!/org, file:/home/banga/.gradle/caches/modules-2/files-2.1/org.eclipse.jetty.http2/http2-hpack/9.4.31.v20200723/836f1a761bf5942494b3c41c9470ea1cd39c8420/http2-hpack-9.4.31.v20200723.jar!/org, file:/home/banga/.gradle/caches/modules-2/files-2.1/org.eclipse.jetty/jetty-http/9.4.31.v20200723/6862f0e6fc7e9f8828416a7cae1477b233d92f8/jetty-http-9.4.31.v20200723.jar!/org, file:/home/banga/.gradle/caches/modules-2/files-2.1/org.eclipse.jetty/jetty-io/9.4.31.v20200723/328e4562e0f30e01efea63efe4fc24b2b860d852/jetty-io-9.4.31.v20200723.jar!/org, file:/home/banga/.m2/repository/org/hamcrest/hamcrest-core/1.3/hamcrest-core-1.3.jar!/org, file:/home/banga/.gradle/caches/modules-2/files-2.1/org.eclipse.jetty/jetty-util/9.4.31.v20200723/b9c346da72d8715bdfb0373a123374ec6ac9e544/jetty-util-9.4.31.v20200723.jar!/org, file:/home/banga/.gradle/caches/modules-2/files-2.1/io.ktor/ktor-serialization/1.5.2/9250369fd1982deeb123765a5bcf31610c411945/ktor-serialization-jvm-1.5.2.jar!/io, file:/home/banga/.gradle/caches/modules-2/files-2.1/io.ktor/ktor-server-netty/1.5.2/5e9aef7c961bf18814c5211b572f028559f6f3f4/ktor-server-netty-jvm-1.5.2.jar!/io, file:/home/banga/.gradle/caches/modules-2/files-2.1/io.ktor/ktor-server-test-host/1.5.2/fef1363b39ea6c1a2735f96754cafb9c9d8a5c8/ktor-server-test-host-jvm-1.5.2.jar!/io, file:/home/banga/.gradle/caches/modules-2/files-2.1/io.ktor/ktor-server-host-common/1.5.2/205fa3f2b2106342dcba9b6a5ffebab3649d3465/ktor-server-host-common-jvm-1.5.2.jar!/io, file:/home/banga/.gradle/caches/modules-2/files-2.1/io.ktor/ktor-websockets/1.5.2/ec39fc53b8f8e404e60e5c349a749c1e0d713c3e/ktor-websockets-jvm-1.5.2.jar!/io, file:/home/banga/.gradle/caches/modules-2/files-2.1/io.ktor/ktor-server-core/1.5.2/75fbbefee3c362198ce438bc6a93103179ebc9ec/ktor-server-core-jvm-1.5.2.jar!/io, file:/home/banga/.gradle/caches/modules-2/files-2.1/io.ktor/ktor-network-tls-certificates/1.5.2/ce3f3fc297ed615031b559e97d79b1eface5405c/ktor-network-tls-certificates-jvm-1.5.2.jar!/io, file:/home/banga/.gradle/caches/modules-2/files-2.1/io.ktor/ktor-client-jetty/1.5.2/4d426a2af34c51eddd4430a1297e9b5ae7e15081/ktor-client-jetty-jvm-1.5.2.jar!/io, file:/home/banga/.gradle/caches/modules-2/files-2.1/io.ktor/ktor-client-cio-jvm/1.5.2/b767c08e7a9c2236a82c38836fe296ccb951bd73/ktor-client-cio-jvm-1.5.2.jar!/io, file:/home/banga/.gradle/caches/modules-2/files-2.1/io.ktor/ktor-client-core-jvm/1.5.2/e05ebd1bd4e839b7428eaf734295597e56d24bb5/ktor-client-core-jvm-1.5.2.jar!/io, file:/home/banga/.gradle/caches/modules-2/files-2.1/io.ktor/ktor-http-cio-jvm/1.5.2/765adc8967bc8082b3d3ffb3e551df82045569ec/ktor-http-cio-jvm-1.5.2.jar!/io, file:/home/banga/.gradle/caches/modules-2/files-2.1/io.ktor/ktor-http-jvm/1.5.2/4369b93f10dfc7a5f25e9553c3b7a939672ef27e/ktor-http-jvm-1.5.2.jar!/io, file:/home/banga/.gradle/caches/modules-2/files-2.1/io.ktor/ktor-network-tls-jvm/1.5.2/9ddb2fbecf6f163d397a0f84bfbbcaa8dcbcc68f/ktor-network-tls-jvm-1.5.2.jar!/io, file:/home/banga/.gradle/caches/modules-2/files-2.1/io.ktor/ktor-network-jvm/1.5.2/2dbe903827cefa66c8d4e798733e332786eb2ac/ktor-network-jvm-1.5.2.jar!/io, file:/home/banga/.gradle/caches/modules-2/files-2.1/io.ktor/ktor-utils-jvm/1.5.2/7c27dfe83c6a5b60ae9dc6d932aa28e0aeefd109/ktor-utils-jvm-1.5.2.jar!/io, file:/home/banga/.gradle/caches/modules-2/files-2.1/io.ktor/ktor-io-jvm/1.5.2/e82d3eb4104bde6be7c0e2a20cbece4f2bf32bad/ktor-io-jvm-1.5.2.jar!/io, file:/home/banga/.gradle/caches/modules-2/files-2.1/io.netty/netty-codec-http2/4.1.54.Final/327a4ae62b0a41cdf02f610f06eb353f10c17ef8/netty-codec-http2-4.1.54.Final.jar!/io, file:/home/banga/.gradle/caches/modules-2/files-2.1/io.netty/netty-transport-native-kqueue/4.1.54.Final/941f2f438f7d1e6d2ba39141fa3a4d30cda5f223/netty-transport-native-kqueue-4.1.54.Final.jar!/io, file:/home/banga/.gradle/caches/modules-2/files-2.1/io.netty/netty-transport-native-epoll/4.1.54.Final/59f7241f86236bd5b5ed5dd1f4b6f2cdae56b978/netty-transport-native-epoll-4.1.54.Final.jar!/io, file:/home/banga/.gradle/caches/modules-2/files-2.1/io.netty/netty-codec-http/4.1.54.Final/70eb9509289d1cee549cf12bae71929d1a4a12c7/netty-codec-http-4.1.54.Final.jar!/io, file:/home/banga/.gradle/caches/modules-2/files-2.1/io.netty/netty-handler/4.1.54.Final/e83dfe8ebe3622d2cd5cce8532a9ca49cad51e9/netty-handler-4.1.54.Final.jar!/io, file:/home/banga/.gradle/caches/modules-2/files-2.1/io.netty/netty-codec/4.1.54.Final/295680345b12a86c21fa7af5d9a77e0e0fcff46a/netty-codec-4.1.54.Final.jar!/io, file:/home/banga/.gradle/caches/modules-2/files-2.1/io.netty/netty-transport-native-unix-common/4.1.54.Final/ac7d48202cf62c8d51abe89f228d338a41cb49cd/netty-transport-native-unix-common-4.1.54.Final.jar!/io, file:/home/banga/.gradle/caches/modules-2/files-2.1/io.netty/netty-transport/4.1.54.Final/ddb9a255819b87b8812932d1d1001f4d9dc7f89e/netty-transport-4.1.54.Final.jar!/io, file:/home/banga/.gradle/caches/modules-2/files-2.1/io.netty/netty-buffer/4.1.54.Final/15c513ef8a2e56e88d3736752ea10eae758f47d8/netty-buffer-4.1.54.Final.jar!/io, file:/home/banga/.gradle/caches/modules-2/files-2.1/io.netty/netty-resolver/4.1.54.Final/7eed781e7531b990f8360e1a5010b53ca73878f5/netty-resolver-4.1.54.Final.jar!/io, file:/home/banga/.gradle/caches/modules-2/files-2.1/io.netty/netty-common/4.1.54.Final/8c330383cda87204ab38e7401ab0f56c0d43b799/netty-common-4.1.54.Final.jar!/io, file:/home/banga/.gradle/caches/modules-2/files-2.1/com.typesafe/config/1.3.1/2cf7a6cc79732e3bdf1647d7404279900ca63eb0/config-1.3.1.jar!/com, file:/home/banga/.m2/repository/net/java/dev/jna/jna-platform/5.5.0/jna-platform-5.5.0.jar!/com, file:/home/banga/.m2/repository/net/java/dev/jna/jna/5.5.0/jna-5.5.0.jar!/com, file:/home/banga/.gradle/caches/modules-2/files-2.1/org.jetbrains.kotlinx/kotlinx-serialization-json-jvm/1.0.1/900f8d34f091c8a957eca49e0cf6bf7d7006482d/kotlinx-serialization-json-jvm-1.0.1.jar!/kotlinx, file:/home/banga/.gradle/caches/modules-2/files-2.1/org.jetbrains.kotlinx/kotlinx-coroutines-debug/1.4.2-native-mt/1c1c5fc8a47500f3d684449be96a4cd9d17e1788/kotlinx-coroutines-debug-1.4.2-native-mt.jar!/kotlinx, file:/home/banga/.gradle/caches/modules-2/files-2.1/org.jetbrains.kotlinx/kotlinx-coroutines-jdk8/1.4.2-native-mt/e2e60ffb30e6245628964d0b88f638482944508e/kotlinx-coroutines-jdk8-1.4.2-native-mt.jar!/kotlinx, file:/home/banga/.gradle/caches/modules-2/files-2.1/org.jetbrains.kotlinx/kotlinx-coroutines-core-jvm/1.4.2-native-mt/e9cfc66b4db41c778afa95680baa3d3951ea6c45/kotlinx-coroutines-core-jvm-1.4.2-native-mt.jar!/kotlinx, file:/home/banga/.gradle/caches/modules-2/files-2.1/org.jetbrains.kotlinx/kotlinx-serialization-core-jvm/1.0.1/d0c5ab89372940ed3fb77952e79b9cd5d466d86/kotlinx-serialization-core-jvm-1.0.1.jar!/kotlinx, file:/home/banga/.gradle/caches/modules-2/files-2.1/org.jetbrains.kotlin/kotlin-stdlib-jdk8/1.4.30/aeecfab2e6acbcb80fc6628e8882c98cbbd819cf/kotlin-stdlib-jdk8-1.4.30.jar!/kotlin/, file:/home/banga/.gradle/caches/modules-2/files-2.1/org.jetbrains.kotlin/kotlin-stdlib-jdk7/1.4.30/cd81ed90fd79e43f587bd384c2bc6d1aed0bfe31/kotlin-stdlib-jdk7-1.4.30.jar!/kotlin/, file:/home/banga/.gradle/caches/modules-2/files-2.1/org.jetbrains.kotlin/kotlin-reflect/1.4.30/a9116fbe28a0514671787df95133f28e65fdac25/kotlin-reflect-1.4.30.jar!/META-INF/versions/9/kotlin/, file:/home/banga/.gradle/caches/modules-2/files-2.1/org.jetbrains.kotlin/kotlin-test-junit/1.4.30/a9de5cbb2d45b52638f5ba631af1b20c46610a7/kotlin-test-junit-1.4.30.jar!/kotlin/, file:/home/banga/.gradle/caches/modules-2/files-2.1/org.jetbrains.kotlin/kotlin-test/1.4.30/a8c0e21fda17f61a6de193e16dd414683cf9dcb0/kotlin-test-1.4.30.jar!/kotlin/, file:/home/banga/.gradle/caches/modules-2/files-2.1/org.jetbrains.kotlin/kotlin-stdlib/1.4.30/d10d1e10f47006ee08162dde039e38ac487de4ac/kotlin-stdlib-1.4.30.jar!/kotlin/, file:/home/banga/.gradle/caches/modules-2/files-2.1/org.jetbrains.kotlin/kotlin-test-annotations-common/1.4.30/e77a76b23fc3007baf57a9d3354fdd318fe1fa88/kotlin-test-annotations-common-1.4.30.jar!/kotlin, file:/home/banga/.gradle/caches/modules-2/files-2.1/org.jetbrains.kotlin/kotlin-test-common/1.4.30/823ed87441680d1334a1f0d23781c0089e16c0a6/kotlin-test-common-1.4.30.jar!/kotlin, file:/home/banga/.gradle/caches/modules-2/files-2.1/org.jetbrains.kotlin/kotlin-stdlib-common/1.4.30/bb9a3173350f55732416ee27956ea8f9b81f4dbb/kotlin-stdlib-common-1.4.30.jar!/kotlin, /home/banga/dev/kotlin/ktor-sample/build/classes/kotlin/test/ga/example, /home/banga/dev/kotlin/ktor-sample/build/classes/kotlin/main/ga/example, /home/banga/dev/kotlin/ktor-sample/build/classes/kotlin/test/, /home/banga/dev/kotlin/ktor-sample/build/classes/kotlin/main/, /home/banga/dev/kotlin/ktor-sample/build/resources/main/]
2021-03-06 11:09:41.733 [Test worker] DEBUG ktor.test - Watching /home/banga/dev/kotlin/ktor-sample/build/classes/kotlin/main/ga/example for changes.
2021-03-06 11:09:41.733 [Test worker] DEBUG ktor.test - Watching /home/banga/dev/kotlin/ktor-sample/build/classes/kotlin/test for changes.
2021-03-06 11:09:41.733 [Test worker] DEBUG ktor.test - Watching /home/banga/dev/kotlin/ktor-sample/build/classes/kotlin/test/ga for changes.
2021-03-06 11:09:41.733 [Test worker] DEBUG ktor.test - Watching /home/banga/dev/kotlin/ktor-sample/build/classes/kotlin/test/ga/example for changes.
2021-03-06 11:09:41.733 [Test worker] DEBUG ktor.test - Watching /home/banga/dev/kotlin/ktor-sample/build/classes/kotlin/main/ga/example/routes for changes.
2021-03-06 11:09:41.733 [Test worker] DEBUG ktor.test - Watching /home/banga/dev/kotlin/ktor-sample/build/classes/kotlin/main/ga/example/models for changes.
2021-03-06 11:09:41.734 [Test worker] DEBUG ktor.test - Watching /home/banga/dev/kotlin/ktor-sample/build/classes/kotlin/test/META-INF for changes.
2021-03-06 11:09:41.734 [Test worker] DEBUG ktor.test - Watching /home/banga/dev/kotlin/ktor-sample/build/classes/kotlin/main/META-INF for changes.
2021-03-06 11:09:41.734 [Test worker] DEBUG ktor.test - Watching /home/banga/dev/kotlin/ktor-sample/build/resources/main for changes.
2021-03-06 11:09:41.734 [Test worker] DEBUG ktor.test - Watching /home/banga/dev/kotlin/ktor-sample/build/classes/kotlin/main for changes.
2021-03-06 11:09:41.734 [Test worker] DEBUG ktor.test - Watching /home/banga/dev/kotlin/ktor-sample/build/classes/kotlin/main/ga for changes.
]]></system-out>
  <system-err><![CDATA[]]></system-err>
</testsuite>
